2024-02-23 09:09:23,272 [Worker-2: Loading available Gradle versions] INFO  o.e.b.c.i.u.g.PublishedGradleVersions - Gradle version information cache is up-to-date. Trying to read.
2024-02-23 09:15:10,979 [Worker-28: Creating project "projeto"] INFO  o.e.m.c.i.l.LifecycleMappingFactory - Using org.eclipse.m2e.jdt.JarLifecycleMapping lifecycle mapping for MavenProject: com.projetoPOO2302:projeto:0.0.1-SNAPSHOT @ /home/yohanes/Área de Trabalho/POO II/aula2302Projeto/projeto/pom.xml.
2024-02-23 09:15:11,216 [Worker-28: Creating project "projeto"] INFO  o.e.m.j.i.AbstractJavaProjectConfigurator - Adding source folder /projeto/src/main/java
2024-02-23 09:15:11,217 [Worker-28: Creating project "projeto"] INFO  o.e.m.j.i.AbstractJavaProjectConfigurator - Adding resource folder /projeto/src/main/resources
2024-02-23 09:15:11,218 [Worker-28: Creating project "projeto"] INFO  o.e.m.j.i.AbstractJavaProjectConfigurator - Adding source folder /projeto/src/test/java
2024-02-23 09:15:11,218 [Worker-28: Creating project "projeto"] INFO  o.e.m.j.i.AbstractJavaProjectConfigurator - Adding resource folder /projeto/src/test/resources
2024-02-23 09:15:11,483 [Worker-46: Building] WARN  o.a.m.s.f.DefaultMavenResourcesFiltering - Using platform encoding (UTF-8 actually) to copy filtered resources, i.e. build is platform dependent!
2024-02-23 09:15:11,486 [Worker-46: Building] INFO  o.a.m.s.f.DefaultMavenResourcesFiltering - Copying 0 resource from src/main/resources to target/classes
2024-02-23 09:15:11,489 [Worker-46: Building] WARN  o.a.m.s.f.DefaultMavenResourcesFiltering - Using platform encoding (UTF-8 actually) to copy filtered resources, i.e. build is platform dependent!
2024-02-23 09:15:11,490 [Worker-46: Building] INFO  o.a.m.s.f.DefaultMavenResourcesFiltering - Copying 0 resource from src/test/resources to target/test-classes
2024-02-23 09:20:48,340 [Worker-39: Creating project "projetoPOO"] INFO  o.e.m.c.i.l.LifecycleMappingFactory - Using org.eclipse.m2e.jdt.JarLifecycleMapping lifecycle mapping for MavenProject: com.yohanes:projetoPOO:0.0.1-SNAPSHOT @ /home/yohanes/Área de Trabalho/POO II/aula2302Projeto/projetoPOO/pom.xml.
2024-02-23 09:20:48,516 [Worker-39: Creating project "projetoPOO"] INFO  o.e.m.j.i.AbstractJavaProjectConfigurator - Adding source folder /projetoPOO/src/main/java
2024-02-23 09:20:48,516 [Worker-39: Creating project "projetoPOO"] INFO  o.e.m.j.i.AbstractJavaProjectConfigurator - Adding resource folder /projetoPOO/src/main/resources
2024-02-23 09:20:48,516 [Worker-39: Creating project "projetoPOO"] INFO  o.e.m.j.i.AbstractJavaProjectConfigurator - Adding source folder /projetoPOO/src/test/java
2024-02-23 09:20:48,516 [Worker-39: Creating project "projetoPOO"] INFO  o.e.m.j.i.AbstractJavaProjectConfigurator - Adding resource folder /projetoPOO/src/test/resources
2024-02-23 09:20:48,700 [Worker-38: Building] WARN  o.a.m.s.f.DefaultMavenResourcesFiltering - Using platform encoding (UTF-8 actually) to copy filtered resources, i.e. build is platform dependent!
2024-02-23 09:20:48,702 [Worker-38: Building] INFO  o.a.m.s.f.DefaultMavenResourcesFiltering - Copying 0 resource from src/main/resources to target/classes
2024-02-23 09:20:48,705 [Worker-38: Building] WARN  o.a.m.s.f.DefaultMavenResourcesFiltering - Using platform encoding (UTF-8 actually) to copy filtered resources, i.e. build is platform dependent!
2024-02-23 09:20:48,706 [Worker-38: Building] INFO  o.a.m.s.f.DefaultMavenResourcesFiltering - Copying 0 resource from src/test/resources to target/test-classes
2024-02-23 09:25:18,803 [Worker-40: Building] WARN  o.a.m.s.f.DefaultMavenResourcesFiltering - Using platform encoding (UTF-8 actually) to copy filtered resources, i.e. build is platform dependent!
2024-02-23 09:25:18,806 [Worker-40: Building] INFO  o.a.m.s.f.DefaultMavenResourcesFiltering - Copying 0 resource from src/main/resources to target/classes
2024-02-23 09:25:18,809 [Worker-40: Building] WARN  o.a.m.s.f.DefaultMavenResourcesFiltering - Using platform encoding (UTF-8 actually) to copy filtered resources, i.e. build is platform dependent!
2024-02-23 09:25:18,809 [Worker-40: Building] INFO  o.a.m.s.f.DefaultMavenResourcesFiltering - Copying 0 resource from src/test/resources to target/test-classes
2024-02-23 09:48:59,994 [Worker-57: Building] INFO  o.e.m.c.i.l.LifecycleMappingFactory - Using org.eclipse.m2e.jdt.JarLifecycleMapping lifecycle mapping for MavenProject: com.yohanes:projetoPOO:0.0.1-SNAPSHOT @ /home/yohanes/Área de Trabalho/POO II/aula2302Projeto/projetoPOO/pom.xml.
2024-02-23 09:49:00,015 [Worker-57: Building] WARN  o.e.m.c.i.embedder.EclipseLogger - The artifact mysql:mysql-connector-java:jar:8.0.32 has been relocated to com.mysql:mysql-connector-j:jar:8.0.32: MySQL Connector/J artifacts moved to reverse-DNS compliant Maven 2+ coordinates.
2024-02-23 09:49:00,148 [Worker-57: Building] INFO  o.a.m.s.f.DefaultMavenResourcesFiltering - Copying 0 resource from src/main/resources to target/classes
2024-02-23 09:49:00,152 [Worker-57: Building] INFO  o.a.m.s.f.DefaultMavenResourcesFiltering - Copying 0 resource from src/test/resources to target/test-classes
2024-02-23 09:49:00,334 [Worker-58: Updating Maven Project] INFO  o.e.m.c.i.p.ProjectConfigurationManager - Update started
2024-02-23 09:49:00,505 [Worker-58: Updating Maven Project] INFO  o.e.m.c.i.l.LifecycleMappingFactory - Using org.eclipse.m2e.jdt.JarLifecycleMapping lifecycle mapping for MavenProject: com.yohanes:projetoPOO:0.0.1-SNAPSHOT @ /home/yohanes/Área de Trabalho/POO II/aula2302Projeto/projetoPOO/pom.xml.
2024-02-23 09:49:00,513 [Worker-58: Updating Maven Project] WARN  o.e.m.c.i.embedder.EclipseLogger - The artifact mysql:mysql-connector-java:jar:8.0.32 has been relocated to com.mysql:mysql-connector-j:jar:8.0.32: MySQL Connector/J artifacts moved to reverse-DNS compliant Maven 2+ coordinates.
2024-02-23 09:49:00,586 [Worker-58: Updating Maven Project] INFO  o.e.m.j.i.AbstractJavaProjectConfigurator - Adding source folder /projetoPOO/src/main/java
2024-02-23 09:49:00,586 [Worker-58: Updating Maven Project] INFO  o.e.m.j.i.AbstractJavaProjectConfigurator - Adding resource folder /projetoPOO/src/main/resources
2024-02-23 09:49:00,588 [Worker-58: Updating Maven Project] INFO  o.e.m.j.i.AbstractJavaProjectConfigurator - Adding source folder /projetoPOO/src/test/java
2024-02-23 09:49:00,588 [Worker-58: Updating Maven Project] INFO  o.e.m.j.i.AbstractJavaProjectConfigurator - Adding resource folder /projetoPOO/src/test/resources
